#
# There is insufficient memory for the Java Runtime Environment to continue.
# Native memory allocation (malloc) failed to allocate 307216 bytes for Chunk::new
# Possible reasons:
#   The system is out of physical RAM or swap space
#   The process is running with CompressedOops enabled, and the Java Heap may be blocking the growth of the native heap
# Possible solutions:
#   Reduce memory load on the system
#   Increase physical memory or swap space
#   Check if swap backing store is full
#   Decrease Java heap size (-Xmx/-Xms)
#   Decrease number of Java threads
#   Decrease Java thread stack sizes (-Xss)
#   Set larger code cache with -XX:ReservedCodeCacheSize=
#   JVM is running with Unscaled Compressed Oops mode in which the Java heap is
#     placed in the first 4GB address space. The Java Heap base address is the
#     maximum limit for the native heap growth. Please use -XX:HeapBaseMinAddress
#     to set the Java Heap base and to place the Java Heap above 4GB virtual address.
# This output file may be truncated or incomplete.
#
#  Out of Memory Error (arena.cpp:184), pid=3128, tid=8656
#
# JRE version: Java(TM) SE Runtime Environment (19.0.1+10) (build 19.0.1+10-21)
# Java VM: Java HotSpot(TM) 64-Bit Server VM (19.0.1+10-21, mixed mode, tiered, compressed oops, compressed class ptrs, g1 gc, windows-amd64)
# No core dump will be written. Minidumps are not enabled by default on client versions of Windows
#

---------------  S U M M A R Y ------------

Command Line: -Dfile.encoding=UTF-8 -XX:+ShowCodeDetailsInExceptionMessages com.amdocs.doc.main.DocMain

Host: Intel(R) Core(TM) i3-10110U CPU @ 2.10GHz, 4 cores, 3G,  Windows 11 , 64 bit Build 22621 (10.0.22621.2361)
Time: Wed Oct 11 15:05:18 2023 India Standard Time elapsed time: 0.563181 seconds (0d 0h 0m 0s)

---------------  T H R E A D  ---------------

Current thread (0x000001b0111e1c80):  JavaThread "C2 CompilerThread0" daemon [_thread_in_native, id=8656, stack(0x000000580a300000,0x000000580a400000)]


Current CompileTask:
C2:    563  636       4       jdk.internal.util.xml.impl.Parser::step (891 bytes)

Stack: [0x000000580a300000,0x000000580a400000]
Native frames: (J=compiled Java code, j=interpreted, Vv=VM code, C=native code)
V  [jvm.dll+0x6ee8fa]
V  [jvm.dll+0x857a1e]
V  [jvm.dll+0x85940e]
V  [jvm.dll+0x859ac3]
V  [jvm.dll+0x28291f]
V  [jvm.dll+0xc9b5f]
V  [jvm.dll+0xc9ee5]
V  [jvm.dll+0x2f7c6f]
V  [jvm.dll+0x5f0c5b]
V  [jvm.dll+0x254d73]
V  [jvm.dll+0x24ddfe]
V  [jvm.dll+0x24b563]
V  [jvm.dll+0x1d6d61]
V  [jvm.dll+0x25b0fa]
V  [jvm.dll+0x259588]
V  [jvm.dll+0x807928]
V  [jvm.dll+0x8015fa]
V  [jvm.dll+0x6ed5eb]
C  [ucrtbase.dll+0x29363]
C  [KERNEL32.DLL+0x1257d]
C  [ntdll.dll+0x5aa78]


---------------  P R O C E S S  ---------------

Threads class SMR info:
_java_thread_list=0x000001b015573120, length=12, elements={
0x000001b075426610, 0x000001b0111f6550, 0x000001b0111f7ae0, 0x000001b0154083d0,
0x000001b0111fbdd0, 0x000001b0111dca60, 0x000001b0111dfb40, 0x000001b0111e1c80,
0x000001b0111e3930, 0x000001b01540af10, 0x000001b015577ee0, 0x000001b015579420
}

Java Threads: ( => current thread )
  0x000001b075426610 JavaThread "main" [_thread_in_vm, id=14480, stack(0x0000005809600000,0x0000005809700000)]
  0x000001b0111f6550 JavaThread "Reference Handler" daemon [_thread_blocked, id=15240, stack(0x0000005809d00000,0x0000005809e00000)]
  0x000001b0111f7ae0 JavaThread "Finalizer" daemon [_thread_blocked, id=14072, stack(0x0000005809e00000,0x0000005809f00000)]
  0x000001b0154083d0 JavaThread "Signal Dispatcher" daemon [_thread_blocked, id=13460, stack(0x0000005809f00000,0x000000580a000000)]
  0x000001b0111fbdd0 JavaThread "Attach Listener" daemon [_thread_blocked, id=2352, stack(0x000000580a000000,0x000000580a100000)]
  0x000001b0111dca60 JavaThread "Service Thread" daemon [_thread_blocked, id=17992, stack(0x000000580a100000,0x000000580a200000)]
  0x000001b0111dfb40 JavaThread "Monitor Deflation Thread" daemon [_thread_blocked, id=12356, stack(0x000000580a200000,0x000000580a300000)]
=>0x000001b0111e1c80 JavaThread "C2 CompilerThread0" daemon [_thread_in_native, id=8656, stack(0x000000580a300000,0x000000580a400000)]
  0x000001b0111e3930 JavaThread "C1 CompilerThread0" daemon [_thread_blocked, id=8572, stack(0x000000580a400000,0x000000580a500000)]
  0x000001b01540af10 JavaThread "Sweeper thread" daemon [_thread_blocked, id=18396, stack(0x000000580a500000,0x000000580a600000)]
  0x000001b015577ee0 JavaThread "Notification Thread" daemon [_thread_blocked, id=8732, stack(0x000000580a600000,0x000000580a700000)]
  0x000001b015579420 JavaThread "Common-Cleaner" daemon [_thread_blocked, id=17056, stack(0x000000580a800000,0x000000580a900000)]

Other Threads:
  0x000001b01117deb0 VMThread "VM Thread" [stack: 0x0000005809c00000,0x0000005809d00000] [id=8904]
  0x000001b01558aac0 WatcherThread "VM Periodic Task Thread" [stack: 0x000000580a700000,0x000000580a800000] [id=13020]
  0x000001b0754676f0 WorkerThread "GC Thread#0" [stack: 0x0000005809700000,0x0000005809800000] [id=11340]
  0x000001b075470370 ConcurrentGCThread "G1 Main Marker" [stack: 0x0000005809800000,0x0000005809900000] [id=10672]
  0x000001b075472550 WorkerThread "G1 Conc#0" [stack: 0x0000005809900000,0x0000005809a00000] [id=3596]
  0x000001b0754c5230 ConcurrentGCThread "G1 Refine#0" [stack: 0x0000005809a00000,0x0000005809b00000] [id=18136]
  0x000001b0754c5d70 ConcurrentGCThread "G1 Service" [stack: 0x0000005809b00000,0x0000005809c00000] [id=13176]

Threads with active compile tasks:
C2 CompilerThread0      579  636       4       jdk.internal.util.xml.impl.Parser::step (891 bytes)

VM state: not at safepoint (normal execution)

VM Mutex/Monitor currently owned by a thread: None

Heap address: 0x00000000c2400000, size: 988 MB, Compressed Oops mode: 32-bit

CDS archive(s) not mapped
Compressed class space mapped at: 0x0000000100000000-0x0000000140000000, reserved size: 1073741824
Narrow klass base: 0x0000000000000000, Narrow klass shift: 3, Narrow klass range: 0x140000000

GC Precious Log:
 CardTable entry size: 512
 Card Set container configuration: InlinePtr #cards 5 size 8 Array Of Cards #cards 12 size 40 Howl #buckets 4 coarsen threshold 1843 Howl Bitmap #cards 512 size 80 coarsen threshold 460 Card regions per heap region 1 cards per card region 2048
 CPUs: 4 total, 4 available
 Memory: 3948M
 Large Page Support: Disabled
 NUMA Support: Disabled
 Compressed Oops: Enabled (32-bit)
 Heap Region Size: 1M
 Heap Min Capacity: 8M
 Heap Initial Capacity: 62M
 Heap Max Capacity: 988M
 Pre-touch: Disabled
 Parallel Workers: 4
 Concurrent Workers: 1
 Concurrent Refinement Workers: 4
 Periodic GC: Disabled

Heap:
 garbage-first heap   total 63488K, used 7168K [0x00000000c2400000, 0x0000000100000000)
  region size 1024K, 8 young (8192K), 0 survivors (0K)
 Metaspace       used 11053K, committed 11328K, reserved 1114112K
  class space    used 1005K, committed 1152K, reserved 1048576K

Heap Regions: E=young(eden), S=young(survivor), O=old, HS=humongous(starts), HC=humongous(continues), CS=collection set, F=free, OA=open archive, CA=closed archive, TAMS=top-at-mark-start (previous, next)
|   0|0x00000000c2400000, 0x00000000c2400000, 0x00000000c2500000|  0%| F|  |TAMS 0x00000000c2400000, 0x00000000c2400000| Untracked 
|   1|0x00000000c2500000, 0x00000000c2500000, 0x00000000c2600000|  0%| F|  |TAMS 0x00000000c2500000, 0x00000000c2500000| Untracked 
|   2|0x00000000c2600000, 0x00000000c2600000, 0x00000000c2700000|  0%| F|  |TAMS 0x00000000c2600000, 0x00000000c2600000| Untracked 
|   3|0x00000000c2700000, 0x00000000c2700000, 0x00000000c2800000|  0%| F|  |TAMS 0x00000000c2700000, 0x00000000c2700000| Untracked 
|   4|0x00000000c2800000, 0x00000000c2800000, 0x00000000c2900000|  0%| F|  |TAMS 0x00000000c2800000, 0x00000000c2800000| Untracked 
|   5|0x00000000c2900000, 0x00000000c2900000, 0x00000000c2a00000|  0%| F|  |TAMS 0x00000000c2900000, 0x00000000c2900000| Untracked 
|   6|0x00000000c2a00000, 0x00000000c2a00000, 0x00000000c2b00000|  0%| F|  |TAMS 0x00000000c2a00000, 0x00000000c2a00000| Untracked 
|   7|0x00000000c2b00000, 0x00000000c2b00000, 0x00000000c2c00000|  0%| F|  |TAMS 0x00000000c2b00000, 0x00000000c2b00000| Untracked 
|   8|0x00000000c2c00000, 0x00000000c2c00000, 0x00000000c2d00000|  0%| F|  |TAMS 0x00000000c2c00000, 0x00000000c2c00000| Untracked 
|   9|0x00000000c2d00000, 0x00000000c2d00000, 0x00000000c2e00000|  0%| F|  |TAMS 0x00000000c2d00000, 0x00000000c2d00000| Untracked 
|  10|0x00000000c2e00000, 0x00000000c2e00000, 0x00000000c2f00000|  0%| F|  |TAMS 0x00000000c2e00000, 0x00000000c2e00000| Untracked 
|  11|0x00000000c2f00000, 0x00000000c2f00000, 0x00000000c3000000|  0%| F|  |TAMS 0x00000000c2f00000, 0x00000000c2f00000| Untracked 
|  12|0x00000000c3000000, 0x00000000c3000000, 0x00000000c3100000|  0%| F|  |TAMS 0x00000000c3000000, 0x00000000c3000000| Untracked 
|  13|0x00000000c3100000, 0x00000000c3100000, 0x00000000c3200000|  0%| F|  |TAMS 0x00000000c3100000, 0x00000000c3100000| Untracked 
|  14|0x00000000c3200000, 0x00000000c3200000, 0x00000000c3300000|  0%| F|  |TAMS 0x00000000c3200000, 0x00000000c3200000| Untracked 
|  15|0x00000000c3300000, 0x00000000c3300000, 0x00000000c3400000|  0%| F|  |TAMS 0x00000000c3300000, 0x00000000c3300000| Untracked 
|  16|0x00000000c3400000, 0x00000000c3400000, 0x00000000c3500000|  0%| F|  |TAMS 0x00000000c3400000, 0x00000000c3400000| Untracked 
|  17|0x00000000c3500000, 0x00000000c3500000, 0x00000000c3600000|  0%| F|  |TAMS 0x00000000c3500000, 0x00000000c3500000| Untracked 
|  18|0x00000000c3600000, 0x00000000c3600000, 0x00000000c3700000|  0%| F|  |TAMS 0x00000000c3600000, 0x00000000c3600000| Untracked 
|  19|0x00000000c3700000, 0x00000000c3700000, 0x00000000c3800000|  0%| F|  |TAMS 0x00000000c3700000, 0x00000000c3700000| Untracked 
|  20|0x00000000c3800000, 0x00000000c3800000, 0x00000000c3900000|  0%| F|  |TAMS 0x00000000c3800000, 0x00000000c3800000| Untracked 
|  21|0x00000000c3900000, 0x00000000c3900000, 0x00000000c3a00000|  0%| F|  |TAMS 0x00000000c3900000, 0x00000000c3900000| Untracked 
|  22|0x00000000c3a00000, 0x00000000c3a00000, 0x00000000c3b00000|  0%| F|  |TAMS 0x00000000c3a00000, 0x00000000c3a00000| Untracked 
|  23|0x00000000c3b00000, 0x00000000c3b00000, 0x00000000c3c00000|  0%| F|  |TAMS 0x00000000c3b00000, 0x00000000c3b00000| Untracked 
|  24|0x00000000c3c00000, 0x00000000c3c00000, 0x00000000c3d00000|  0%| F|  |TAMS 0x00000000c3c00000, 0x00000000c3c00000| Untracked 
|  25|0x00000000c3d00000, 0x00000000c3d00000, 0x00000000c3e00000|  0%| F|  |TAMS 0x00000000c3d00000, 0x00000000c3d00000| Untracked 
|  26|0x00000000c3e00000, 0x00000000c3e00000, 0x00000000c3f00000|  0%| F|  |TAMS 0x00000000c3e00000, 0x00000000c3e00000| Untracked 
|  27|0x00000000c3f00000, 0x00000000c3f00000, 0x00000000c4000000|  0%| F|  |TAMS 0x00000000c3f00000, 0x00000000c3f00000| Untracked 
|  28|0x00000000c4000000, 0x00000000c4000000, 0x00000000c4100000|  0%| F|  |TAMS 0x00000000c4000000, 0x00000000c4000000| Untracked 
|  29|0x00000000c4100000, 0x00000000c4100000, 0x00000000c4200000|  0%| F|  |TAMS 0x00000000c4100000, 0x00000000c4100000| Untracked 
|  30|0x00000000c4200000, 0x00000000c4200000, 0x00000000c4300000|  0%| F|  |TAMS 0x00000000c4200000, 0x00000000c4200000| Untracked 
|  31|0x00000000c4300000, 0x00000000c4300000, 0x00000000c4400000|  0%| F|  |TAMS 0x00000000c4300000, 0x00000000c4300000| Untracked 
|  32|0x00000000c4400000, 0x00000000c4400000, 0x00000000c4500000|  0%| F|  |TAMS 0x00000000c4400000, 0x00000000c4400000| Untracked 
|  33|0x00000000c4500000, 0x00000000c4500000, 0x00000000c4600000|  0%| F|  |TAMS 0x00000000c4500000, 0x00000000c4500000| Untracked 
|  34|0x00000000c4600000, 0x00000000c4600000, 0x00000000c4700000|  0%| F|  |TAMS 0x00000000c4600000, 0x00000000c4600000| Untracked 
|  35|0x00000000c4700000, 0x00000000c4700000, 0x00000000c4800000|  0%| F|  |TAMS 0x00000000c4700000, 0x00000000c4700000| Untracked 
|  36|0x00000000c4800000, 0x00000000c4800000, 0x00000000c4900000|  0%| F|  |TAMS 0x00000000c4800000, 0x00000000c4800000| Untracked 
|  37|0x00000000c4900000, 0x00000000c4900000, 0x00000000c4a00000|  0%| F|  |TAMS 0x00000000c4900000, 0x00000000c4900000| Untracked 
|  38|0x00000000c4a00000, 0x00000000c4a00000, 0x00000000c4b00000|  0%| F|  |TAMS 0x00000000c4a00000, 0x00000000c4a00000| Untracked 
|  39|0x00000000c4b00000, 0x00000000c4b00000, 0x00000000c4c00000|  0%| F|  |TAMS 0x00000000c4b00000, 0x00000000c4b00000| Untracked 
|  40|0x00000000c4c00000, 0x00000000c4c00000, 0x00000000c4d00000|  0%| F|  |TAMS 0x00000000c4c00000, 0x00000000c4c00000| Untracked 
|  41|0x00000000c4d00000, 0x00000000c4d00000, 0x00000000c4e00000|  0%| F|  |TAMS 0x00000000c4d00000, 0x00000000c4d00000| Untracked 
|  42|0x00000000c4e00000, 0x00000000c4e00000, 0x00000000c4f00000|  0%| F|  |TAMS 0x00000000c4e00000, 0x00000000c4e00000| Untracked 
|  43|0x00000000c4f00000, 0x00000000c4f00000, 0x00000000c5000000|  0%| F|  |TAMS 0x00000000c4f00000, 0x00000000c4f00000| Untracked 
|  44|0x00000000c5000000, 0x00000000c5000000, 0x00000000c5100000|  0%| F|  |TAMS 0x00000000c5000000, 0x00000000c5000000| Untracked 
|  45|0x00000000c5100000, 0x00000000c5100000, 0x00000000c5200000|  0%| F|  |TAMS 0x00000000c5100000, 0x00000000c5100000| Untracked 
|  46|0x00000000c5200000, 0x00000000c5200000, 0x00000000c5300000|  0%| F|  |TAMS 0x00000000c5200000, 0x00000000c5200000| Untracked 
|  47|0x00000000c5300000, 0x00000000c5300000, 0x00000000c5400000|  0%| F|  |TAMS 0x00000000c5300000, 0x00000000c5300000| Untracked 
|  48|0x00000000c5400000, 0x00000000c5400000, 0x00000000c5500000|  0%| F|  |TAMS 0x00000000c5400000, 0x00000000c5400000| Untracked 
|  49|0x00000000c5500000, 0x00000000c5500000, 0x00000000c5600000|  0%| F|  |TAMS 0x00000000c5500000, 0x00000000c5500000| Untracked 
|  50|0x00000000c5600000, 0x00000000c5600000, 0x00000000c5700000|  0%| F|  |TAMS 0x00000000c5600000, 0x00000000c5600000| Untracked 
|  51|0x00000000c5700000, 0x00000000c5700000, 0x00000000c5800000|  0%| F|  |TAMS 0x00000000c5700000, 0x00000000c5700000| Untracked 
|  52|0x00000000c5800000, 0x00000000c5800000, 0x00000000c5900000|  0%| F|  |TAMS 0x00000000c5800000, 0x00000000c5800000| Untracked 
|  53|0x00000000c5900000, 0x00000000c5900000, 0x00000000c5a00000|  0%| F|  |TAMS 0x00000000c5900000, 0x00000000c5900000| Untracked 
|  54|0x00000000c5a00000, 0x00000000c5a43500, 0x00000000c5b00000| 26%| E|  |TAMS 0x00000000c5a00000, 0x00000000c5a00000| Complete 
|  55|0x00000000c5b00000, 0x00000000c5c00000, 0x00000000c5c00000|100%| E|CS|TAMS 0x00000000c5b00000, 0x00000000c5b00000| Complete 
|  56|0x00000000c5c00000, 0x00000000c5d00000, 0x00000000c5d00000|100%| E|CS|TAMS 0x00000000c5c00000, 0x00000000c5c00000| Complete 
|  57|0x00000000c5d00000, 0x00000000c5e00000, 0x00000000c5e00000|100%| E|CS|TAMS 0x00000000c5d00000, 0x00000000c5d00000| Complete 
|  58|0x00000000c5e00000, 0x00000000c5f00000, 0x00000000c5f00000|100%| E|CS|TAMS 0x00000000c5e00000, 0x00000000c5e00000| Complete 
|  59|0x00000000c5f00000, 0x00000000c6000000, 0x00000000c6000000|100%| E|CS|TAMS 0x00000000c5f00000, 0x00000000c5f00000| Complete 
|  60|0x00000000c6000000, 0x00000000c6100000, 0x00000000c6100000|100%| E|CS|TAMS 0x00000000c6000000, 0x00000000c6000000| Complete 
|  61|0x00000000c6100000, 0x00000000c6200000, 0x00000000c6200000|100%| E|CS|TAMS 0x00000000c6100000, 0x00000000c6100000| Complete 

Card table byte_map: [0x000001b07d580000,0x000001b07d770000] _byte_map_base: 0x000001b07cf6e000

Marking Bits (Prev, Next): (CMBitMap*) 0x000001b075467d20, (CMBitMap*) 0x000001b075467d60
 Prev Bits: [0x000001b07d960000, 0x000001b07e8d0000)
 Next Bits: [0x000001b07e8d0000, 0x000001b07f840000)

Polling page: 0x000001b074bf0000

Metaspace:

Usage:
  Non-class:      9.82 MB used.
      Class:   1006.10 KB used.
       Both:     10.80 MB used.

Virtual space:
  Non-class space:       64.00 MB reserved,       9.94 MB ( 16%) committed,  1 nodes.
      Class space:        1.00 GB reserved,       1.12 MB ( <1%) committed,  1 nodes.
             Both:        1.06 GB reserved,      11.06 MB (  1%) committed. 

Chunk freelists:
   Non-Class:  2.05 MB
       Class:  2.74 MB
        Both:  4.79 MB

MaxMetaspaceSize: unlimited
CompressedClassSpaceSize: 1.00 GB
Initial GC threshold: 21.00 MB
Current GC threshold: 21.00 MB
CDS: off
MetaspaceReclaimPolicy: balanced
 - commit_granule_bytes: 65536.
 - commit_granule_words: 8192.
 - virtual_space_node_default_size: 8388608.
 - enlarge_chunks_in_place: 1.
 - new_chunks_are_fully_committed: 0.
 - uncommit_free_chunks: 1.
 - use_allocation_guard: 0.


Internal statistics:

num_allocs_failed_limit: 0.
num_arena_births: 90.
num_arena_deaths: 0.
num_vsnodes_births: 2.
num_vsnodes_deaths: 0.
num_space_committed: 177.
num_space_uncommitted: 0.
num_chunks_returned_to_freelist: 0.
num_chunks_taken_from_freelist: 140.
num_chunk_merges: 0.
num_chunk_splits: 77.
num_chunks_enlarged: 44.
num_inconsistent_stats: 0.

CodeHeap 'non-profiled nmethods': size=120000Kb used=173Kb max_used=173Kb free=119826Kb
 bounds [0x000001b007ad0000, 0x000001b007d40000, 0x000001b00f000000]
CodeHeap 'profiled nmethods': size=120000Kb used=1144Kb max_used=1144Kb free=118855Kb
 bounds [0x000001b000000000, 0x000001b000270000, 0x000001b007530000]
CodeHeap 'non-nmethods': size=5760Kb used=1226Kb max_used=1241Kb free=4533Kb
 bounds [0x000001b007530000, 0x000001b0077a0000, 0x000001b007ad0000]
 total_blobs=1163 nmethods=731 adapters=343
 compilation: enabled
              stopped_count=0, restarted_count=0
 full_count=0

Compilation events (20 events):
Event: 0.558 Thread 0x000001b0111e3930  685       3       java.util.TreeMap$EntryIterator::next (5 bytes)
Event: 0.558 Thread 0x000001b0111e3930 nmethod 685 0x000001b000106810 code [0x000001b0001069c0, 0x000001b000106b08]
Event: 0.558 Thread 0x000001b0111e3930  686       3       javax.management.ImmutableDescriptor::getFieldValue (87 bytes)
Event: 0.559 Thread 0x000001b0111e3930 nmethod 686 0x000001b000106b90 code [0x000001b000106e40, 0x000001b000107a88]
Event: 0.559 Thread 0x000001b0111e3930  690       3       java.util.Arrays::binarySearch0 (95 bytes)
Event: 0.559 Thread 0x000001b0111e3930 nmethod 690 0x000001b000107f10 code [0x000001b000108100, 0x000001b000108518]
Event: 0.559 Thread 0x000001b0111e3930  687       3       javax.management.ImmutableDescriptor::checkIllegalFieldName (18 bytes)
Event: 0.560 Thread 0x000001b0111e3930 nmethod 687 0x000001b000108690 code [0x000001b000108880, 0x000001b000108c38]
Event: 0.560 Thread 0x000001b0111e3930  688       3       javax.management.ImmutableDescriptor::fieldIndex (12 bytes)
Event: 0.560 Thread 0x000001b0111e3930 nmethod 688 0x000001b000108e10 code [0x000001b000108fc0, 0x000001b000109108]
Event: 0.560 Thread 0x000001b0111e3930  689       3       java.util.Arrays::binarySearch (10 bytes)
Event: 0.560 Thread 0x000001b0111e3930 nmethod 689 0x000001b000109190 code [0x000001b000109340, 0x000001b000109468]
Event: 0.560 Thread 0x000001b0111e3930  691       3       java.lang.PublicMethods$MethodList::merge (192 bytes)
Event: 0.560 Thread 0x000001b0111e3930 nmethod 691 0x000001b000109510 code [0x000001b000109780, 0x000001b00010a248]
Event: 0.560 Thread 0x000001b0111e3930  692       3       java.lang.PublicMethods::merge (81 bytes)
Event: 0.561 Thread 0x000001b0111e3930 nmethod 692 0x000001b00010a610 code [0x000001b00010a860, 0x000001b00010b208]
Event: 0.561 Thread 0x000001b0111e3930  693       3       java.lang.PublicMethods$Key::<init> (24 bytes)
Event: 0.561 Thread 0x000001b0111e3930 nmethod 693 0x000001b00010b610 code [0x000001b00010b7e0, 0x000001b00010bb18]
Event: 0.561 Thread 0x000001b0111e3930  694       1       java.lang.reflect.Method::getAnnotationBytes (5 bytes)
Event: 0.561 Thread 0x000001b0111e3930 nmethod 694 0x000001b007af8c90 code [0x000001b007af8e20, 0x000001b007af8ed8]

GC Heap History (0 events):
No events

Dll operation events (8 events):
Event: 0.009 Loaded shared library C:\Program Files\Java\jdk-19\bin\java.dll
Event: 0.078 Loaded shared library C:\Program Files\Java\jdk-19\bin\jsvml.dll
Event: 0.194 Loaded shared library C:\Program Files\Java\jdk-19\bin\jimage.dll
Event: 0.211 Loaded shared library C:\Program Files\Java\jdk-19\bin\net.dll
Event: 0.214 Loaded shared library C:\Program Files\Java\jdk-19\bin\nio.dll
Event: 0.224 Loaded shared library C:\Program Files\Java\jdk-19\bin\zip.dll
Event: 0.279 Loaded shared library C:\Program Files\Java\jdk-19\bin\management.dll
Event: 0.339 Loaded shared library C:\Program Files\Java\jdk-19\bin\management_ext.dll

Deoptimization events (4 events):
Event: 0.538 Thread 0x000001b075426610 Uncommon trap: trap_request=0xffffff45 fr.pc=0x000001b007af47d8 relative=0x00000000000000b8
Event: 0.538 Thread 0x000001b075426610 Uncommon trap: reason=unstable_if action=reinterpret pc=0x000001b007af47d8 method=jdk.internal.util.xml.impl.Parser.bappend(CC)V @ 1 c2
Event: 0.538 Thread 0x000001b075426610 DEOPT PACKING pc=0x000001b007af47d8 sp=0x00000058096fc860
Event: 0.538 Thread 0x000001b075426610 DEOPT UNPACKING pc=0x000001b007596da3 sp=0x00000058096fc7e8 mode 2

Classes loaded (20 events):
Event: 0.557 Loading class javax/management/openmbean/CompositeDataView done
Event: 0.557 Loading class com/sun/management/GcInfo done
Event: 0.559 Loading class com/sun/management/internal/HotSpotDiagnostic
Event: 0.559 Loading class com/sun/management/HotSpotDiagnosticMXBean
Event: 0.559 Loading class com/sun/management/HotSpotDiagnosticMXBean done
Event: 0.559 Loading class com/sun/management/internal/HotSpotDiagnostic done
Event: 0.559 Loading class com/sun/management/HotSpotDiagnosticMXBean$ThreadDumpFormat
Event: 0.559 Loading class com/sun/management/HotSpotDiagnosticMXBean$ThreadDumpFormat done
Event: 0.559 Loading class com/sun/management/VMOption
Event: 0.559 Loading class com/sun/management/VMOption done
Event: 0.559 Loading class com/sun/management/VMOption$Origin
Event: 0.560 Loading class com/sun/management/VMOption$Origin done
Event: 0.561 Loading class jdk/internal/misc/VM$BufferPoolsHolder
Event: 0.561 Loading class jdk/internal/misc/VM$BufferPoolsHolder done
Event: 0.561 Loading class sun/nio/ch/FileChannelImpl$2
Event: 0.561 Loading class sun/nio/ch/FileChannelImpl$2 done
Event: 0.561 Loading class sun/nio/ch/FileChannelImpl$3
Event: 0.561 Loading class sun/nio/ch/FileChannelImpl$3 done
Event: 0.561 Loading class java/lang/management/BufferPoolMXBean
Event: 0.561 Loading class java/lang/management/BufferPoolMXBean done

Classes unloaded (0 events):
No events

Classes redefined (0 events):
No events

Internal exceptions (7 events):
Event: 0.248 Thread 0x000001b075426610 Exception <a 'java/lang/NoSuchMethodError'{0x00000000c60d54d0}: 'void java.lang.invoke.DirectMethodHandle$Holder.invokeStaticInit(java.lang.Object)'> (0x00000000c60d54d0) 
thrown [s\open\src\hotspot\share\interpreter\linkResolver.cpp, line 774]
Event: 0.276 Thread 0x000001b075426610 Exception <a 'java/lang/NoSuchMethodError'{0x00000000c60f6428}: 'java.lang.Object java.lang.invoke.DirectMethodHandle$Holder.invokeStaticInit(java.lang.Object)'> (0x00000000c60f6428) 
thrown [s\open\src\hotspot\share\interpreter\linkResolver.cpp, line 774]
Event: 0.353 Thread 0x000001b075426610 Exception <a 'java/lang/NoSuchMethodError'{0x00000000c5f2bb30}: 'int java.lang.invoke.DirectMethodHandle$Holder.invokeInterface(java.lang.Object, java.lang.Object)'> (0x00000000c5f2bb30) 
thrown [s\open\src\hotspot\share\interpreter\linkResolver.cpp, line 774]
Event: 0.354 Thread 0x000001b075426610 Exception <a 'java/lang/IncompatibleClassChangeError'{0x00000000c5f2f130}: Found class java.lang.Object, but interface was expected> (0x00000000c5f2f130) 
thrown [s\open\src\hotspot\share\interpreter\linkResolver.cpp, line 841]
Event: 0.356 Thread 0x000001b075426610 Exception <a 'java/lang/NoSuchMethodError'{0x00000000c5f35518}: 'void java.lang.invoke.DirectMethodHandle$Holder.invokeStatic(java.lang.Object, java.lang.Object)'> (0x00000000c5f35518) 
thrown [s\open\src\hotspot\share\interpreter\linkResolver.cpp, line 774]
Event: 0.429 Thread 0x000001b075426610 Exception <a 'java/lang/NoSuchMethodError'{0x00000000c5e06628}: 'int java.lang.invoke.DirectMethodHandle$Holder.invokeSpecial(java.lang.Object, java.lang.Object, java.lang.Object)'> (0x00000000c5e06628) 
thrown [s\open\src\hotspot\share\interpreter\linkResolver.cpp, line 774]
Event: 0.484 Thread 0x000001b075426610 Exception <a 'java/lang/NoSuchMethodError'{0x00000000c5ecb918}: 'java.lang.Object java.lang.invoke.DirectMethodHandle$Holder.invokeStaticInit(java.lang.Object, java.lang.Object, java.lang.Object)'> (0x00000000c5ecb918) 
thrown [s\open\src\hotspot\share\interpreter\linkResolver.cpp, line 774]

VM Operations (2 events):
Event: 0.225 Executing VM operation: HandshakeAllThreads
Event: 0.225 Executing VM operation: HandshakeAllThreads done

Events (12 events):
Event: 0.079 Thread 0x000001b075426610 Thread added: 0x000001b075426610
Event: 0.124 Thread 0x000001b0111f6550 Thread added: 0x000001b0111f6550
Event: 0.124 Thread 0x000001b0111f7ae0 Thread added: 0x000001b0111f7ae0
Event: 0.126 Thread 0x000001b0154083d0 Thread added: 0x000001b0154083d0
Event: 0.126 Thread 0x000001b0111fbdd0 Thread added: 0x000001b0111fbdd0
Event: 0.126 Thread 0x000001b0111dca60 Thread added: 0x000001b0111dca60
Event: 0.126 Thread 0x000001b0111dfb40 Thread added: 0x000001b0111dfb40
Event: 0.126 Thread 0x000001b0111e1c80 Thread added: 0x000001b0111e1c80
Event: 0.126 Thread 0x000001b0111e3930 Thread added: 0x000001b0111e3930
Event: 0.126 Thread 0x000001b01540af10 Thread added: 0x000001b01540af10
Event: 0.170 Thread 0x000001b015577ee0 Thread added: 0x000001b015577ee0
Event: 0.181 Thread 0x000001b015579420 Thread added: 0x000001b015579420


Dynamic libraries:
0x00007ff7da210000 - 0x00007ff7da220000 	C:\Program Files\Java\jdk-19\bin\javaw.exe
0x00007ffb70150000 - 0x00007ffb70367000 	C:\WINDOWS\SYSTEM32\ntdll.dll
0x00007ffb6f750000 - 0x00007ffb6f814000 	C:\WINDOWS\System32\KERNEL32.DLL
0x00007ffb6d4d0000 - 0x00007ffb6d876000 	C:\WINDOWS\System32\KERNELBASE.dll
0x00007ffb6db00000 - 0x00007ffb6dc11000 	C:\WINDOWS\System32\ucrtbase.dll
0x00007ffb4c510000 - 0x00007ffb4c52b000 	C:\Program Files\Java\jdk-19\bin\VCRUNTIME140.dll
0x00007ffb626a0000 - 0x00007ffb626b8000 	C:\Program Files\Java\jdk-19\bin\jli.dll
0x00007ffb6fd20000 - 0x00007ffb6fdd0000 	C:\WINDOWS\System32\ADVAPI32.dll
0x00007ffb6f5f0000 - 0x00007ffb6f697000 	C:\WINDOWS\System32\msvcrt.dll
0x00007ffb6e850000 - 0x00007ffb6e8f6000 	C:\WINDOWS\System32\sechost.dll
0x00007ffb6f830000 - 0x00007ffb6f947000 	C:\WINDOWS\System32\RPCRT4.dll
0x00007ffb6f9a0000 - 0x00007ffb6fb4e000 	C:\WINDOWS\System32\USER32.dll
0x00007ffb6da10000 - 0x00007ffb6da36000 	C:\WINDOWS\System32\win32u.dll
0x00007ffb6eb20000 - 0x00007ffb6eb49000 	C:\WINDOWS\System32\GDI32.dll
0x00007ffb53b00000 - 0x00007ffb53d93000 	C:\WINDOWS\WinSxS\amd64_microsoft.windows.common-controls_6595b64144ccf1df_6.0.22621.2361_none_2712ced57382f843\COMCTL32.dll
0x00007ffb6dc20000 - 0x00007ffb6dd38000 	C:\WINDOWS\System32\gdi32full.dll
0x00007ffb6d880000 - 0x00007ffb6d91a000 	C:\WINDOWS\System32\msvcp_win.dll
0x00007ffb600e0000 - 0x00007ffb600ea000 	C:\WINDOWS\SYSTEM32\VERSION.dll
0x00007ffb6e410000 - 0x00007ffb6e441000 	C:\WINDOWS\System32\IMM32.DLL
0x00007ffb3dd70000 - 0x00007ffb3dd7c000 	C:\Program Files\Java\jdk-19\bin\vcruntime140_1.dll
0x00007ffaef9f0000 - 0x00007ffaefa7e000 	C:\Program Files\Java\jdk-19\bin\msvcp140.dll
0x00007ffabd020000 - 0x00007ffabdce0000 	C:\Program Files\Java\jdk-19\bin\server\jvm.dll
0x00007ffb6a0c0000 - 0x00007ffb6a0c9000 	C:\WINDOWS\SYSTEM32\WSOCK32.dll
0x00007ffb6eaa0000 - 0x00007ffb6eb11000 	C:\WINDOWS\System32\WS2_32.dll
0x00007ffb61490000 - 0x00007ffb614c4000 	C:\WINDOWS\SYSTEM32\WINMM.dll
0x00007ffb6c4b0000 - 0x00007ffb6c4c8000 	C:\WINDOWS\SYSTEM32\kernel.appcore.dll
0x00007ffb53010000 - 0x00007ffb5301a000 	C:\Program Files\Java\jdk-19\bin\jimage.dll
0x00007ffb6ae70000 - 0x00007ffb6b09e000 	C:\WINDOWS\SYSTEM32\DBGHELP.DLL
0x00007ffb6e4c0000 - 0x00007ffb6e84a000 	C:\WINDOWS\System32\combase.dll
0x00007ffb6deb0000 - 0x00007ffb6df87000 	C:\WINDOWS\System32\OLEAUT32.dll
0x00007ffb4dba0000 - 0x00007ffb4dbd2000 	C:\WINDOWS\SYSTEM32\dbgcore.DLL
0x00007ffb6d990000 - 0x00007ffb6da0a000 	C:\WINDOWS\System32\bcryptPrimitives.dll
0x00007ffb37bf0000 - 0x00007ffb37c16000 	C:\Program Files\Java\jdk-19\bin\java.dll
0x00007ffb1d300000 - 0x00007ffb1d3d7000 	C:\Program Files\Java\jdk-19\bin\jsvml.dll
0x00007ffb6ed90000 - 0x00007ffb6f5e8000 	C:\WINDOWS\System32\SHELL32.dll
0x00007ffb6b430000 - 0x00007ffb6bd22000 	C:\WINDOWS\SYSTEM32\windows.storage.dll
0x00007ffb6b2f0000 - 0x00007ffb6b42e000 	C:\WINDOWS\SYSTEM32\wintypes.dll
0x00007ffb6ec90000 - 0x00007ffb6ed83000 	C:\WINDOWS\System32\SHCORE.dll
0x00007ffb6fcc0000 - 0x00007ffb6fd1e000 	C:\WINDOWS\System32\shlwapi.dll
0x00007ffb6d400000 - 0x00007ffb6d426000 	C:\WINDOWS\SYSTEM32\profapi.dll
0x00007ffb51b60000 - 0x00007ffb51b73000 	C:\Program Files\Java\jdk-19\bin\net.dll
0x00007ffb61280000 - 0x00007ffb613b7000 	C:\WINDOWS\SYSTEM32\WINHTTP.dll
0x00007ffb6c990000 - 0x00007ffb6c9f9000 	C:\WINDOWS\system32\mswsock.dll
0x00007ffb37bd0000 - 0x00007ffb37be6000 	C:\Program Files\Java\jdk-19\bin\nio.dll
0x00007ffb37bb0000 - 0x00007ffb37bc8000 	C:\Program Files\Java\jdk-19\bin\zip.dll
0x00007ffb615a0000 - 0x00007ffb615aa000 	C:\Program Files\Java\jdk-19\bin\management.dll
0x00007ffb542d0000 - 0x00007ffb542db000 	C:\Program Files\Java\jdk-19\bin\management_ext.dll
0x00007ffb6f820000 - 0x00007ffb6f828000 	C:\WINDOWS\System32\PSAPI.DLL

dbghelp: loaded successfully - version: 4.0.5 - missing functions: none
symbol engine: initialized successfully - sym options: 0x614 - pdb path: .;C:\Program Files\Java\jdk-19\bin;C:\WINDOWS\SYSTEM32;C:\WINDOWS\WinSxS\amd64_microsoft.windows.common-controls_6595b64144ccf1df_6.0.22621.2361_none_2712ced57382f843;C:\Program Files\Java\jdk-19\bin\server

VM Arguments:
jvm_args: -Dfile.encoding=UTF-8 -XX:+ShowCodeDetailsInExceptionMessages 
java_command: com.amdocs.doc.main.DocMain
java_class_path (initial): C:\Users\shubham yadav\eclipse-workspace\shubhjava\bin;D:\data\dbhomeXE\jdbc\lib\ojdbc8.jar
Launcher Type: SUN_STANDARD

[Global flags]
     intx CICompilerCount                          = 3                                         {product} {ergonomic}
     uint ConcGCThreads                            = 1                                         {product} {ergonomic}
     uint G1ConcRefinementThreads                  = 4                                         {product} {ergonomic}
   size_t G1HeapRegionSize                         = 1048576                                   {product} {ergonomic}
    uintx GCDrainStackTargetSize                   = 64                                        {product} {ergonomic}
   size_t InitialHeapSize                          = 65011712                                  {product} {ergonomic}
   size_t MarkStackSize                            = 4194304                                   {product} {ergonomic}
   size_t MaxHeapSize                              = 1035993088                                {product} {ergonomic}
   size_t MaxNewSize                               = 620756992                                 {product} {ergonomic}
   size_t MinHeapDeltaBytes                        = 1048576                                   {product} {ergonomic}
   size_t MinHeapSize                              = 8388608                                   {product} {ergonomic}
    uintx NonNMethodCodeHeapSize                   = 5832780                                {pd product} {ergonomic}
    uintx NonProfiledCodeHeapSize                  = 122912730                              {pd product} {ergonomic}
    uintx ProfiledCodeHeapSize                     = 122912730                              {pd product} {ergonomic}
    uintx ReservedCodeCacheSize                    = 251658240                              {pd product} {ergonomic}
     bool SegmentedCodeCache                       = true                                      {product} {ergonomic}
     bool ShowCodeDetailsInExceptionMessages       = true                                   {manageable} {command line}
   size_t SoftMaxHeapSize                          = 1035993088                             {manageable} {ergonomic}
     bool UseCompressedClassPointers               = true                           {product lp64_product} {ergonomic}
     bool UseCompressedOops                        = true                           {product lp64_product} {ergonomic}
     bool UseG1GC                                  = true                                      {product} {ergonomic}
     bool UseLargePagesIndividualAllocation        = false                                  {pd product} {ergonomic}

Logging:
Log output configuration:
 #0: stdout all=warning uptime,level,tags foldmultilines=false
 #1: stderr all=off uptime,level,tags foldmultilines=false

Environment Variables:
PATH=C:/Program Files/Java/jdk-19/bin/server;C:/Program Files/Java/jdk-19/bin;D:\data\dbhomeXE\bin;C:\WINDOWS\system32;C:\WINDOWS;C:\WINDOWS\System32\Wbem;C:\WINDOWS\System32\WindowsPowerShell\v1.0\;C:\WINDOWS\System32\OpenSSH\;C:\MinGW\bin;C:\Program Files\Microsoft SQL Server\Client SDK\ODBC\130\Tools\Binn\;C:\Program Files (x86)\Microsoft SQL Server\140\Tools\Binn\;C:\Program Files\Microsoft SQL Server\140\Tools\Binn\;C:\Program Files\Microsoft SQL Server\140\DTS\Binn\;C:\Program Files\Microsoft SQL Server\Client SDK\ODBC\170\Tools\Binn\;C:\Program Files (x86)\Microsoft SQL Server\150\Tools\Binn\;C:\Program Files\Microsoft SQL Server\150\Tools\Binn\;C:\Program Files\Microsoft SQL Server\150\DTS\Binn\;C:\Program Files (x86)\Microsoft SQL Server\150\DTS\Binn\;C:\Program Files\nodejs\;C:\Program Files\Git\cmd;C:\Program Files\Java\jdk-19\bin;C:\Program Files\Java\jdk-19\bin;C:\Users\shubham yadav\AppData\Local\Microsoft\WindowsApps;C:\MinGW\bin;;C:\Users\shubham yadav\AppData\Local\Programs\Microsoft VS Code\bin;C:\Program Files\Azure Data Studio\bin;C:\Users\shubham yadav\AppData\Roaming\npm;C:\Users\shubham yadav\Desktop;
USERNAME=shubham yadav
OS=Windows_NT
PROCESSOR_IDENTIFIER=Intel64 Family 6 Model 142 Stepping 12, GenuineIntel
TMP=C:\Users\SHUBHA~1\AppData\Local\Temp
TEMP=C:\Users\SHUBHA~1\AppData\Local\Temp



---------------  S Y S T E M  ---------------

OS:
 Windows 11 , 64 bit Build 22621 (10.0.22621.2361)
OS uptime: 1 days 3:59 hours

CPU: total 4 (initial active 4) (2 cores per cpu, 2 threads per core) family 6 model 142 stepping 12 microcode 0xde, cx8, cmov, fxsr, ht, mmx, 3dnowpref, sse, sse2, sse3, ssse3, sse4.1, sse4.2, popcnt, lzcnt, tsc, tscinvbit, avx, avx2, aes, erms, clmul, bmi1, bmi2, adx, fma, vzeroupper, clflush, clflushopt, rdtscp

Memory: 4k page, system-wide physical 3948M (310M free)
TotalPageFile size 16236M (AvailPageFile size 4M)
current process WorkingSet (physical memory assigned to process): 46M, peak: 46M
current process commit charge ("private bytes"): 137M, peak: 137M

vm_info: Java HotSpot(TM) 64-Bit Server VM (19.0.1+10-21) for windows-amd64 JRE (19.0.1+10-21), built on 2022-09-14T12:45:06Z by "mach5one" with MS VC++ 17.1 (VS2022)

END.
