#
# There is insufficient memory for the Java Runtime Environment to continue.
# Native memory allocation (mmap) failed to map 65011712 bytes for G1 virtual space
# Possible reasons:
#   The system is out of physical RAM or swap space
#   The process is running with CompressedOops enabled, and the Java Heap may be blocking the growth of the native heap
# Possible solutions:
#   Reduce memory load on the system
#   Increase physical memory or swap space
#   Check if swap backing store is full
#   Decrease Java heap size (-Xmx/-Xms)
#   Decrease number of Java threads
#   Decrease Java thread stack sizes (-Xss)
#   Set larger code cache with -XX:ReservedCodeCacheSize=
#   JVM is running with Unscaled Compressed Oops mode in which the Java heap is
#     placed in the first 4GB address space. The Java Heap base address is the
#     maximum limit for the native heap growth. Please use -XX:HeapBaseMinAddress
#     to set the Java Heap base and to place the Java Heap above 4GB virtual address.
# This output file may be truncated or incomplete.
#
#  Out of Memory Error (os_windows.cpp:3527), pid=5712, tid=16752
#
# JRE version:  (19.0.1+10) (build )
# Java VM: Java HotSpot(TM) 64-Bit Server VM (19.0.1+10-21, mixed mode, sharing, tiered, compressed oops, compressed class ptrs, g1 gc, windows-amd64)
# No core dump will be written. Minidumps are not enabled by default on client versions of Windows
#

---------------  S U M M A R Y ------------

Command Line: -Dfile.encoding=UTF-8 -XX:+ShowCodeDetailsInExceptionMessages com.amdocs.doc.main.DocMain

Host: Intel(R) Core(TM) i3-10110U CPU @ 2.10GHz, 4 cores, 3G,  Windows 11 , 64 bit Build 22621 (10.0.22621.2361)
Time: Wed Oct 11 15:09:48 2023 India Standard Time elapsed time: 0.012023 seconds (0d 0h 0m 0s)

---------------  T H R E A D  ---------------

Current thread (0x000001c8c2b26c80):  JavaThread "Unknown thread" [_thread_in_vm, id=16752, stack(0x0000001117e00000,0x0000001117f00000)]

Stack: [0x0000001117e00000,0x0000001117f00000]
Native frames: (J=compiled Java code, j=interpreted, Vv=VM code, C=native code)
V  [jvm.dll+0x6ee8fa]
V  [jvm.dll+0x857a1e]
V  [jvm.dll+0x85940e]
V  [jvm.dll+0x859ac3]
V  [jvm.dll+0x28291f]
V  [jvm.dll+0x6eb6e9]
V  [jvm.dll+0x6e028a]
V  [jvm.dll+0x357136]
V  [jvm.dll+0x35eb96]
V  [jvm.dll+0x3b555e]
V  [jvm.dll+0x3b578f]
V  [jvm.dll+0x32c6ea]
V  [jvm.dll+0x32d59e]
V  [jvm.dll+0x821b20]
V  [jvm.dll+0x3c27c1]
V  [jvm.dll+0x8022f1]
V  [jvm.dll+0x44b30f]
V  [jvm.dll+0x44cc91]
C  [jli.dll+0x5287]
C  [ucrtbase.dll+0x29363]
C  [KERNEL32.DLL+0x1257d]
C  [ntdll.dll+0x5aa78]


---------------  P R O C E S S  ---------------

Threads class SMR info:
_java_thread_list=0x00007ffabdb9d048, length=0, elements={
}

Java Threads: ( => current thread )

Other Threads:
  0x000001c8c2b67b00 WorkerThread "GC Thread#0" [stack: 0x0000001117f00000,0x0000001118000000] [id=19292]
  0x000001c8c2b70f30 ConcurrentGCThread "G1 Main Marker" [stack: 0x0000001118000000,0x0000001118100000] [id=18516]
  0x000001c8c2b71960 WorkerThread "G1 Conc#0" [stack: 0x0000001118100000,0x0000001118200000] [id=12400]

[error occurred during error reporting (printing all threads), id 0xc0000005, EXCEPTION_ACCESS_VIOLATION (0xc0000005) at pc=0x00007ffabd35d127]

VM state: not at safepoint (not fully initialized)

VM Mutex/Monitor currently owned by a thread:  ([mutex/lock_event])
[0x000001c8c2b23b20] Heap_lock - owner thread: 0x000001c8c2b26c80

Heap address: 0x00000000c2400000, size: 988 MB, Compressed Oops mode: 32-bit

CDS archive(s) mapped at: [0x0000000000000000-0x0000000000000000-0x0000000000000000), size 0, SharedBaseAddress: 0x0000000800000000, ArchiveRelocationMode: 0.
Narrow klass base: 0x0000000000000000, Narrow klass shift: 0, Narrow klass range: 0x0

GC Precious Log:
 CardTable entry size: 512
 Card Set container configuration: InlinePtr #cards 5 size 8 Array Of Cards #cards 12 size 40 Howl #buckets 4 coarsen threshold 1843 Howl Bitmap #cards 512 size 80 coarsen threshold 460 Card regions per heap region 1 cards per card region 2048

Heap:
 garbage-first heap   total 0K, used 0K [0x00000000c2400000, 0x0000000100000000)
  region size 1024K, 0 young (0K), 0 survivors (0K)

[error occurred during error reporting (printing heap information), id 0xc0000005, EXCEPTION_ACCESS_VIOLATION (0xc0000005) at pc=0x00007ffabd766959]

GC Heap History (0 events):
No events

Dll operation events (1 events):
Event: 0.008 Loaded shared library C:\Program Files\Java\jdk-19\bin\java.dll

Deoptimization events (0 events):
No events

Classes loaded (0 events):
No events

Classes unloaded (0 events):
No events

Classes redefined (0 events):
No events

Internal exceptions (0 events):
No events

VM Operations (0 events):
No events

Events (0 events):
No events


Dynamic libraries:
0x00007ff7da210000 - 0x00007ff7da220000 	C:\Program Files\Java\jdk-19\bin\javaw.exe
0x00007ffb70150000 - 0x00007ffb70367000 	C:\WINDOWS\SYSTEM32\ntdll.dll
0x00007ffb6f750000 - 0x00007ffb6f814000 	C:\WINDOWS\System32\KERNEL32.DLL
0x00007ffb6d4d0000 - 0x00007ffb6d876000 	C:\WINDOWS\System32\KERNELBASE.dll
0x00007ffb6db00000 - 0x00007ffb6dc11000 	C:\WINDOWS\System32\ucrtbase.dll
0x00007ffb4c510000 - 0x00007ffb4c52b000 	C:\Program Files\Java\jdk-19\bin\VCRUNTIME140.dll
0x00007ffb626a0000 - 0x00007ffb626b8000 	C:\Program Files\Java\jdk-19\bin\jli.dll
0x00007ffb6fd20000 - 0x00007ffb6fdd0000 	C:\WINDOWS\System32\ADVAPI32.dll
0x00007ffb6f5f0000 - 0x00007ffb6f697000 	C:\WINDOWS\System32\msvcrt.dll
0x00007ffb6e850000 - 0x00007ffb6e8f6000 	C:\WINDOWS\System32\sechost.dll
0x00007ffb6f830000 - 0x00007ffb6f947000 	C:\WINDOWS\System32\RPCRT4.dll
0x00007ffb6f9a0000 - 0x00007ffb6fb4e000 	C:\WINDOWS\System32\USER32.dll
0x00007ffb6da10000 - 0x00007ffb6da36000 	C:\WINDOWS\System32\win32u.dll
0x00007ffb6eb20000 - 0x00007ffb6eb49000 	C:\WINDOWS\System32\GDI32.dll
0x00007ffb6dc20000 - 0x00007ffb6dd38000 	C:\WINDOWS\System32\gdi32full.dll
0x00007ffb6d880000 - 0x00007ffb6d91a000 	C:\WINDOWS\System32\msvcp_win.dll
0x00007ffb53b00000 - 0x00007ffb53d93000 	C:\WINDOWS\WinSxS\amd64_microsoft.windows.common-controls_6595b64144ccf1df_6.0.22621.2361_none_2712ced57382f843\COMCTL32.dll
0x00007ffb600e0000 - 0x00007ffb600ea000 	C:\WINDOWS\SYSTEM32\VERSION.dll
0x00007ffb6e410000 - 0x00007ffb6e441000 	C:\WINDOWS\System32\IMM32.DLL
0x00007ffb3dd70000 - 0x00007ffb3dd7c000 	C:\Program Files\Java\jdk-19\bin\vcruntime140_1.dll
0x00007ffaef9f0000 - 0x00007ffaefa7e000 	C:\Program Files\Java\jdk-19\bin\msvcp140.dll
0x00007ffabd020000 - 0x00007ffabdce0000 	C:\Program Files\Java\jdk-19\bin\server\jvm.dll
0x00007ffb61490000 - 0x00007ffb614c4000 	C:\WINDOWS\SYSTEM32\WINMM.dll
0x00007ffb6a0c0000 - 0x00007ffb6a0c9000 	C:\WINDOWS\SYSTEM32\WSOCK32.dll
0x00007ffb6eaa0000 - 0x00007ffb6eb11000 	C:\WINDOWS\System32\WS2_32.dll
0x00007ffb6c4b0000 - 0x00007ffb6c4c8000 	C:\WINDOWS\SYSTEM32\kernel.appcore.dll
0x00007ffb53010000 - 0x00007ffb5301a000 	C:\Program Files\Java\jdk-19\bin\jimage.dll
0x00007ffb6ae70000 - 0x00007ffb6b09e000 	C:\WINDOWS\SYSTEM32\DBGHELP.DLL
0x00007ffb6e4c0000 - 0x00007ffb6e84a000 	C:\WINDOWS\System32\combase.dll
0x00007ffb6deb0000 - 0x00007ffb6df87000 	C:\WINDOWS\System32\OLEAUT32.dll
0x00007ffb4dba0000 - 0x00007ffb4dbd2000 	C:\WINDOWS\SYSTEM32\dbgcore.DLL
0x00007ffb6d990000 - 0x00007ffb6da0a000 	C:\WINDOWS\System32\bcryptPrimitives.dll
0x00007ffb37bf0000 - 0x00007ffb37c16000 	C:\Program Files\Java\jdk-19\bin\java.dll

dbghelp: loaded successfully - version: 4.0.5 - missing functions: none
symbol engine: initialized successfully - sym options: 0x614 - pdb path: .;C:\Program Files\Java\jdk-19\bin;C:\WINDOWS\SYSTEM32;C:\WINDOWS\WinSxS\amd64_microsoft.windows.common-controls_6595b64144ccf1df_6.0.22621.2361_none_2712ced57382f843;C:\Program Files\Java\jdk-19\bin\server

VM Arguments:
jvm_args: -Dfile.encoding=UTF-8 -XX:+ShowCodeDetailsInExceptionMessages 
java_command: com.amdocs.doc.main.DocMain
java_class_path (initial): C:\Users\shubham yadav\eclipse-workspace\shubhjava\bin;D:\data\dbhomeXE\jdbc\lib\ojdbc8.jar
Launcher Type: SUN_STANDARD

[Global flags]
     intx CICompilerCount                          = 3                                         {product} {ergonomic}
     uint ConcGCThreads                            = 1                                         {product} {ergonomic}
     uint G1ConcRefinementThreads                  = 4                                         {product} {ergonomic}
   size_t G1HeapRegionSize                         = 1048576                                   {product} {ergonomic}
    uintx GCDrainStackTargetSize                   = 64                                        {product} {ergonomic}
   size_t InitialHeapSize                          = 65011712                                  {product} {ergonomic}
   size_t MarkStackSize                            = 4194304                                   {product} {ergonomic}
   size_t MaxHeapSize                              = 1035993088                                {product} {ergonomic}
   size_t MinHeapDeltaBytes                        = 1048576                                   {product} {ergonomic}
   size_t MinHeapSize                              = 8388608                                   {product} {ergonomic}
    uintx NonNMethodCodeHeapSize                   = 5832780                                {pd product} {ergonomic}
    uintx NonProfiledCodeHeapSize                  = 122912730                              {pd product} {ergonomic}
    uintx ProfiledCodeHeapSize                     = 122912730                              {pd product} {ergonomic}
    uintx ReservedCodeCacheSize                    = 251658240                              {pd product} {ergonomic}
     bool SegmentedCodeCache                       = true                                      {product} {ergonomic}
     bool ShowCodeDetailsInExceptionMessages       = true                                   {manageable} {command line}
   size_t SoftMaxHeapSize                          = 1035993088                             {manageable} {ergonomic}
     bool UseCompressedClassPointers               = true                           {product lp64_product} {ergonomic}
     bool UseCompressedOops                        = true                           {product lp64_product} {ergonomic}
     bool UseG1GC                                  = true                                      {product} {ergonomic}
     bool UseLargePagesIndividualAllocation        = false                                  {pd product} {ergonomic}

Logging:
Log output configuration:
 #0: stdout all=warning uptime,level,tags foldmultilines=false
 #1: stderr all=off uptime,level,tags foldmultilines=false

Environment Variables:
PATH=C:/Program Files/Java/jdk-19/bin/server;C:/Program Files/Java/jdk-19/bin;D:\data\dbhomeXE\bin;C:\WINDOWS\system32;C:\WINDOWS;C:\WINDOWS\System32\Wbem;C:\WINDOWS\System32\WindowsPowerShell\v1.0\;C:\WINDOWS\System32\OpenSSH\;C:\MinGW\bin;C:\Program Files\Microsoft SQL Server\Client SDK\ODBC\130\Tools\Binn\;C:\Program Files (x86)\Microsoft SQL Server\140\Tools\Binn\;C:\Program Files\Microsoft SQL Server\140\Tools\Binn\;C:\Program Files\Microsoft SQL Server\140\DTS\Binn\;C:\Program Files\Microsoft SQL Server\Client SDK\ODBC\170\Tools\Binn\;C:\Program Files (x86)\Microsoft SQL Server\150\Tools\Binn\;C:\Program Files\Microsoft SQL Server\150\Tools\Binn\;C:\Program Files\Microsoft SQL Server\150\DTS\Binn\;C:\Program Files (x86)\Microsoft SQL Server\150\DTS\Binn\;C:\Program Files\nodejs\;C:\Program Files\Git\cmd;C:\Program Files\Java\jdk-19\bin;C:\Program Files\Java\jdk-19\bin;C:\Users\shubham yadav\AppData\Local\Microsoft\WindowsApps;C:\MinGW\bin;;C:\Users\shubham yadav\AppData\Local\Programs\Microsoft VS Code\bin;C:\Program Files\Azure Data Studio\bin;C:\Users\shubham yadav\AppData\Roaming\npm;C:\Users\shubham yadav\Desktop;
USERNAME=shubham yadav
OS=Windows_NT
PROCESSOR_IDENTIFIER=Intel64 Family 6 Model 142 Stepping 12, GenuineIntel
TMP=C:\Users\SHUBHA~1\AppData\Local\Temp
TEMP=C:\Users\SHUBHA~1\AppData\Local\Temp



---------------  S Y S T E M  ---------------

OS:
 Windows 11 , 64 bit Build 22621 (10.0.22621.2361)
OS uptime: 1 days 4:04 hours

CPU: total 4 (initial active 4) (2 cores per cpu, 2 threads per core) family 6 model 142 stepping 12 microcode 0xde, cx8, cmov, fxsr, ht, mmx, 3dnowpref, sse, sse2, sse3, ssse3, sse4.1, sse4.2, popcnt, lzcnt, tsc, tscinvbit, avx, avx2, aes, erms, clmul, bmi1, bmi2, adx, fma, vzeroupper, clflush, clflushopt, rdtscp

Memory: 4k page, system-wide physical 3948M (277M free)
TotalPageFile size 16236M (AvailPageFile size 26M)
current process WorkingSet (physical memory assigned to process): 10M, peak: 10M
current process commit charge ("private bytes"): 51M, peak: 113M

vm_info: Java HotSpot(TM) 64-Bit Server VM (19.0.1+10-21) for windows-amd64 JRE (19.0.1+10-21), built on 2022-09-14T12:45:06Z by "mach5one" with MS VC++ 17.1 (VS2022)

END.
